0 info it worked if it ends with ok
1 verbose cli [ '/usr/local/bin/node',
1 verbose cli   '/usr/local/bin/npm',
1 verbose cli   'i',
1 verbose cli   'startbootstrap-stylish-portfolio' ]
2 info using npm@3.10.10
3 info using node@v6.10.3
4 silly loadCurrentTree Starting
5 silly install loadCurrentTree
6 silly install readLocalPackageData
7 silly fetchPackageMetaData startbootstrap-stylish-portfolio
8 silly fetchNamedPackageData startbootstrap-stylish-portfolio
9 silly mapToRegistry name startbootstrap-stylish-portfolio
10 silly mapToRegistry using default registry
11 silly mapToRegistry registry https://swlibrary.iag.com.au/nexus/content/repositories/iag-npm-all/
12 silly mapToRegistry data Result {
12 silly mapToRegistry   raw: 'startbootstrap-stylish-portfolio',
12 silly mapToRegistry   scope: null,
12 silly mapToRegistry   escapedName: 'startbootstrap-stylish-portfolio',
12 silly mapToRegistry   name: 'startbootstrap-stylish-portfolio',
12 silly mapToRegistry   rawSpec: '',
12 silly mapToRegistry   spec: 'latest',
12 silly mapToRegistry   type: 'tag' }
13 silly mapToRegistry uri https://swlibrary.iag.com.au/nexus/content/repositories/iag-npm-all/startbootstrap-stylish-portfolio
14 verbose request uri https://swlibrary.iag.com.au/nexus/content/repositories/iag-npm-all/startbootstrap-stylish-portfolio
15 verbose request no auth needed
16 info attempt registry request try #1 at 2:36:07 PM
17 verbose request id 50e1d29049cb7a01
18 verbose lastModified Tue, 05 Sep 2017 04:02:47 GMT
19 http request GET https://swlibrary.iag.com.au/nexus/content/repositories/iag-npm-all/startbootstrap-stylish-portfolio
20 http 200 https://swlibrary.iag.com.au/nexus/content/repositories/iag-npm-all/startbootstrap-stylish-portfolio
21 verbose headers { server: 'nginx/1.0.15',
21 verbose headers   date: 'Tue, 05 Sep 2017 04:36:09 GMT',
21 verbose headers   'content-type': 'application/json',
21 verbose headers   connection: 'keep-alive',
21 verbose headers   'keep-alive': 'timeout=5',
21 verbose headers   'x-frame-options': 'SAMEORIGIN',
21 verbose headers   'x-content-type-options': 'nosniff',
21 verbose headers   'accept-ranges': 'bytes',
21 verbose headers   'last-modified': 'Tue, 05 Sep 2017 04:36:09 GMT',
21 verbose headers   'content-length': '4320' }
22 silly get cb [ 200,
22 silly get   { server: 'nginx/1.0.15',
22 silly get     date: 'Tue, 05 Sep 2017 04:36:09 GMT',
22 silly get     'content-type': 'application/json',
22 silly get     connection: 'keep-alive',
22 silly get     'keep-alive': 'timeout=5',
22 silly get     'x-frame-options': 'SAMEORIGIN',
22 silly get     'x-content-type-options': 'nosniff',
22 silly get     'accept-ranges': 'bytes',
22 silly get     'last-modified': 'Tue, 05 Sep 2017 04:36:09 GMT',
22 silly get     'content-length': '4320' } ]
23 verbose get saving startbootstrap-stylish-portfolio to /Users/christian/.npm/swlibrary.iag.com.au/nexus/content/repositories/iag-npm-all/startbootstrap-stylish-portfolio/.cache.json
24 verbose correctMkdir /Users/christian/.npm correctMkdir not in flight; initializing
25 silly install normalizeTree
26 silly loadCurrentTree Finishing
27 silly loadIdealTree Starting
28 silly install loadIdealTree
29 silly cloneCurrentTree Starting
30 silly install cloneCurrentTreeToIdealTree
31 silly cloneCurrentTree Finishing
32 silly loadShrinkwrap Starting
33 silly install loadShrinkwrap
34 silly loadShrinkwrap Finishing
35 silly loadAllDepsIntoIdealTree Starting
36 silly install loadAllDepsIntoIdealTree
37 silly rollbackFailedOptional Starting
38 silly rollbackFailedOptional Finishing
39 silly runTopLevelLifecycles Finishing
40 silly install printInstalled
41 verbose stack Error: Refusing to install startbootstrap-stylish-portfolio as a dependency of itself
41 verbose stack     at checkSelf (/usr/local/lib/node_modules/npm/lib/install/validate-args.js:53:14)
41 verbose stack     at Array.<anonymous> (/usr/local/lib/node_modules/npm/node_modules/slide/lib/bind-actor.js:15:8)
41 verbose stack     at LOOP (/usr/local/lib/node_modules/npm/node_modules/slide/lib/chain.js:15:14)
41 verbose stack     at chain (/usr/local/lib/node_modules/npm/node_modules/slide/lib/chain.js:20:5)
41 verbose stack     at /usr/local/lib/node_modules/npm/lib/install/validate-args.js:16:5
41 verbose stack     at /usr/local/lib/node_modules/npm/node_modules/slide/lib/async-map.js:52:35
41 verbose stack     at Array.forEach (native)
41 verbose stack     at /usr/local/lib/node_modules/npm/node_modules/slide/lib/async-map.js:52:11
41 verbose stack     at Array.forEach (native)
41 verbose stack     at asyncMap (/usr/local/lib/node_modules/npm/node_modules/slide/lib/async-map.js:51:8)
42 verbose cwd /Users/christian/Dev/startbootstrap-stylish-portfolio
43 error Darwin 16.6.0
44 error argv "/usr/local/bin/node" "/usr/local/bin/npm" "i" "startbootstrap-stylish-portfolio"
45 error node v6.10.3
46 error npm  v3.10.10
47 error code ENOSELF
48 error Refusing to install startbootstrap-stylish-portfolio as a dependency of itself
49 error If you need help, you may report this error at:
49 error     <https://github.com/npm/npm/issues>
50 verbose exit [ 1, true ]
